<?xml version="1.0" encoding="UTF-8"?>
<!-- Generated by org.testng.reporters.JUnitReportReporter -->
<testsuite hostname="DESKTOP-EV2ICOU" failures="0" tests="3" name="myseleniumpakg.TestNGAnnotationsDemo" time="0.008" errors="0" timestamp="2022-12-20T11:27:00 IST" skipped="0">
  <testcase classname="myseleniumpakg.TestNGAnnotationsDemo" name="testCase1" time="0.005"/>
  <system-out/>
  <testcase classname="myseleniumpakg.TestNGAnnotationsDemo" name="testCase3" time="0.002"/>
  <system-out/>
  <testcase classname="myseleniumpakg.TestNGAnnotationsDemo" name="testCase2" time="0.001"/>
  <system-out/>
</testsuite> <!-- myseleniumpakg.TestNGAnnotationsDemo -->
