<?xml version="1.0" encoding="UTF-8"?>
<!-- Generated by org.testng.reporters.JUnitReportReporter -->
<testsuite hostname="Saif" failures="0" tests="1" name="myseleniumpakg.DataProvider" time="6.499" errors="0" timestamp="2022-12-21T11:29:11 IST" skipped="0">
  <testcase classname="myseleniumpakg.DataProvider" name="Setbrowser" time="6.499"/>
  <system-out/>
</testsuite> <!-- myseleniumpakg.DataProvider -->
