<?xml version="1.0" encoding="UTF-8"?>
<!-- Generated by org.testng.reporters.JUnitReportReporter -->
<testsuite hostname="DESKTOP-EV2ICOU" failures="0" tests="3" name="myseleniumpakg.MyTestNGTests" time="0.021" errors="0" timestamp="2022-12-19T12:00:49 IST" skipped="0">
  <testcase classname="myseleniumpakg.MyTestNGTests" name="M2" time="0.007"/>
  <system-out/>
  <testcase classname="myseleniumpakg.MyTestNGTests" name="MA1" time="0.003"/>
  <system-out/>
  <testcase classname="myseleniumpakg.MyTestNGTests" name="openApplication" time="0.011"/>
  <system-out/>
</testsuite> <!-- myseleniumpakg.MyTestNGTests -->
