<?xml version="1.0" encoding="UTF-8"?>
<!-- Generated by org.testng.reporters.JUnitReportReporter -->
<testsuite hostname="Saif" failures="0" tests="2" name="myseleniumpakg.AssertionDemo" time="8.748" errors="0" timestamp="2022-12-22T11:39:04 IST" skipped="0">
  <testcase classname="myseleniumpakg.AssertionDemo" name="assertionDemo1" time="3.278"/>
  <system-out/>
  <testcase classname="myseleniumpakg.AssertionDemo" name="assertionDemo2" time="5.470"/>
  <system-out/>
</testsuite> <!-- myseleniumpakg.AssertionDemo -->
